client alpha created with hash 0xbf0a5ea2
predecessor-q received (0xbf0a5ea2)
predecessor-r sent (0xbf0a5ea2 0xbf0a5ea2 38192)
update-q received (0xbf0a5ea2 0x47efa23d 38752 0)
update-r sent (0xbf0a5ea2 1 0x47efa23d 38752 0)
update-q received (0xbf0a5ea2 0x47efa23d 38752 1)
update-r sent (0xbf0a5ea2 1 0x47efa23d 38752 1)
predecessor-q received (0xbf0a5ea2)
predecessor-r sent (0xbf0a5ea2 0x47efa23d 38752)
update-q received (0xbf0a5ea2 0xab9558d5 45647 0)
update-r sent (0xbf0a5ea2 1 0xab9558d5 45647 0)
predecessor-q received (0xbf0a5ea2)
predecessor-r sent (0xbf0a5ea2 0xab9558d5 45647)
update-q received (0xbf0a5ea2 0x270056fe 46445 1)
update-r sent (0xbf0a5ea2 1 0x270056fe 46445 1)
successor-q received (0xbf0a5ea2)
successor-r sent (0xbf0a5ea2 0x270056fe 46445)
update-q received (0xbf0a5ea2 0xda5e7b2c 49471 1)
update-r sent (0xbf0a5ea2 1 0xda5e7b2c 49471 1)
successor-q received (0xbf0a5ea2)
successor-r sent (0xbf0a5ea2 0xda5e7b2c 49471)
update-q received (0xbf0a5ea2 0xd9aa956e 43385 1)
update-r sent (0xbf0a5ea2 1 0xd9aa956e 43385 1)
add alpha with hash 0xbf0a5ea2 to node 0xbf0a5ea2
stores-q sent (0xab9558d5 0x7eba5174)
stores-r received (0xab9558d5 0x7eba5174 0xab9558d5 45647 0)
store-q sent (0xab9558d5 4 beta)
store-r received (0xab9558d5 1 4 beta)
add beta with hash 0x7eba5174 to node 0xab9558d5
stores-q sent (0xab9558d5 0x3cee9126)
stores-r received (0xab9558d5 0x3cee9126 0x47efa23d 38752 0)
stores-q sent (0x47efa23d 0x3cee9126)
stores-r received (0x47efa23d 0x3cee9126 0x47efa23d 38752 0)
store-q sent (0x47efa23d 5 gamma)
store-r received (0x47efa23d 1 5 gamma)
add gamma with hash 0x3cee9126 to node 0x47efa23d
